app/build/intermediates/manifest_merge_blame_file/debug/manifest-merger-blame-debug-report.txt
1<?xml version="1.0" encoding="utf-8"?>
2<manifest xmlns:android="http://schemas.android.com/apk/res/android"
3    package="upf.edu.squadfinder"
4    android:versionCode="1"
5    android:versionName="1.0" >
6
7    <uses-sdk
8        android:minSdkVersion="23"
8-->src\main\AndroidManifest.xml
9        android:targetSdkVersion="30" />
9-->src\main\AndroidManifest.xml
10
11    <uses-permission android:name="android.permission.WAKE_LOCK" />
11-->src\main\AndroidManifest.xml:5:5-68
11-->src\main\AndroidManifest.xml:5:22-65
12    <uses-permission android:name="android.permission.INTERNET" />
12-->src\main\AndroidManifest.xml:6:5-67
12-->src\main\AndroidManifest.xml:6:22-64
13    <uses-permission android:name="android.permission.WRITE_EXTERNAL_STORAGE" />
13-->src\main\AndroidManifest.xml:7:5-81
13-->src\main\AndroidManifest.xml:7:22-78
14
15    <!-- Include required permissions for Google Maps API to run. -->
16    <uses-permission android:name="android.permission.ACCESS_NETWORK_STATE" />
16-->[com.google.android.gms:play-services-maps:17.0.0] AndroidManifest.xml:23:5-79
16-->[com.google.android.gms:play-services-maps:17.0.0] AndroidManifest.xml:23:22-76
17
18    <uses-feature
18-->[com.google.android.gms:play-services-maps:17.0.0] AndroidManifest.xml:26:5-28:35
19        android:glEsVersion="0x00020000"
19-->[com.google.android.gms:play-services-maps:17.0.0] AndroidManifest.xml:27:9-41
20        android:required="true" />
20-->[com.google.android.gms:play-services-maps:17.0.0] AndroidManifest.xml:28:9-32
21
22    <application
22-->src\main\AndroidManifest.xml:9:5-40:19
23        android:allowBackup="true"
23-->src\main\AndroidManifest.xml:10:9-35
24        android:appComponentFactory="androidx.core.app.CoreComponentFactory"
24-->[androidx.core:core:1.3.2] AndroidManifest.xml:24:18-86
25        android:debuggable="true"
26        android:extractNativeLibs="false"
27        android:icon="@mipmap/ic_launcher"
27-->src\main\AndroidManifest.xml:11:9-43
28        android:label="@string/app_name"
28-->src\main\AndroidManifest.xml:12:9-41
29        android:roundIcon="@mipmap/ic_launcher_round"
29-->src\main\AndroidManifest.xml:13:9-54
30        android:supportsRtl="true"
30-->src\main\AndroidManifest.xml:14:9-35
31        android:testOnly="true"
32        android:theme="@style/Theme.SquadFinder" >
32-->src\main\AndroidManifest.xml:15:9-49
33        <activity android:name="upf.edu.squadfinder.MainActivity2" />
33-->src\main\AndroidManifest.xml:16:9-60
33-->src\main\AndroidManifest.xml:16:19-48
34        <activity android:name="upf.edu.squadfinder.CreateEventActivity" />
34-->src\main\AndroidManifest.xml:17:9-57
34-->src\main\AndroidManifest.xml:17:19-54
35        <activity android:name="upf.edu.squadfinder.CreateGroupActivity" />
35-->src\main\AndroidManifest.xml:18:9-57
35-->src\main\AndroidManifest.xml:18:19-54
36        <activity android:name="upf.edu.squadfinder.DetailedGroupActivity" />
36-->src\main\AndroidManifest.xml:19:9-59
36-->src\main\AndroidManifest.xml:19:19-56
37        <activity android:name="upf.edu.squadfinder.DetailedEventActivity" />
37-->src\main\AndroidManifest.xml:20:9-59
37-->src\main\AndroidManifest.xml:20:19-56
38        <activity android:name="upf.edu.squadfinder.ui.chat.ChatActivity" />
38-->src\main\AndroidManifest.xml:21:9-58
38-->src\main\AndroidManifest.xml:21:19-55
39        <activity
39-->src\main\AndroidManifest.xml:22:9-24:63
40            android:name="upf.edu.squadfinder.RegisterActivity"
40-->src\main\AndroidManifest.xml:23:13-45
41            android:label="@string/title_activity_register" />
41-->src\main\AndroidManifest.xml:24:13-60
42        <!--
43               Set to true if your app is Standalone, that is, it does not require the handheld
44               app to run.
45        -->
46        <activity android:name="upf.edu.squadfinder.LoginActivity" />
46-->src\main\AndroidManifest.xml:29:9-51
46-->src\main\AndroidManifest.xml:29:19-48
47        <activity
47-->src\main\AndroidManifest.xml:30:9-32:48
48            android:name="upf.edu.squadfinder.HomeActivity"
48-->src\main\AndroidManifest.xml:31:13-41
49            android:label="@string/app_name" />
49-->src\main\AndroidManifest.xml:32:13-45
50        <activity android:name="upf.edu.squadfinder.MainActivity" >
50-->src\main\AndroidManifest.xml:33:9-39:20
50-->src\main\AndroidManifest.xml:33:19-47
51            <intent-filter>
51-->src\main\AndroidManifest.xml:34:13-38:29
52                <action android:name="android.intent.action.MAIN" />
52-->src\main\AndroidManifest.xml:35:17-69
52-->src\main\AndroidManifest.xml:35:25-66
53
54                <category android:name="android.intent.category.LAUNCHER" />
54-->src\main\AndroidManifest.xml:37:17-77
54-->src\main\AndroidManifest.xml:37:27-74
55            </intent-filter>
56        </activity>
57        <!-- Needs to be explicitly declared on P+ -->
58        <uses-library
58-->[com.google.android.gms:play-services-maps:17.0.0] AndroidManifest.xml:33:9-35:40
59            android:name="org.apache.http.legacy"
59-->[com.google.android.gms:play-services-maps:17.0.0] AndroidManifest.xml:34:13-50
60            android:required="false" />
60-->[com.google.android.gms:play-services-maps:17.0.0] AndroidManifest.xml:35:13-37
61
62        <activity
62-->[com.google.android.gms:play-services-base:17.0.0] AndroidManifest.xml:23:9-26:75
63            android:name="com.google.android.gms.common.api.GoogleApiActivity"
63-->[com.google.android.gms:play-services-base:17.0.0] AndroidManifest.xml:24:13-79
64            android:exported="false"
64-->[com.google.android.gms:play-services-base:17.0.0] AndroidManifest.xml:25:13-37
65            android:theme="@android:style/Theme.Translucent.NoTitleBar" />
65-->[com.google.android.gms:play-services-base:17.0.0] AndroidManifest.xml:26:13-72
66
67        <meta-data
67-->[com.google.android.gms:play-services-basement:17.0.0] AndroidManifest.xml:23:9-25:69
68            android:name="com.google.android.gms.version"
68-->[com.google.android.gms:play-services-basement:17.0.0] AndroidManifest.xml:24:13-58
69            android:value="@integer/google_play_services_version" />
69-->[com.google.android.gms:play-services-basement:17.0.0] AndroidManifest.xml:25:13-66
70    </application>
71
72</manifest>